Assembler report for EdgeDetector
Tue Apr 07 05:59:23 2026
Quartus Prime Version 20.1.0 Build 711 06/05/2020 SJ Standard Edition


---------------------
; Table of Contents ;
---------------------
  1. Legal Notice
  2. Assembler Summary
  3. Assembler Settings
  4. Assembler Generated Files
  5. Assembler Device Options: C:/Users/5811m/Documents/SeniorD/LABS/edgeDetector/synthesis/output_files/EdgeDetector.sof
  6. Assembler Messages



----------------
; Legal Notice ;
----------------
Copyright (C) 2020  Intel Corporation. All rights reserved.
Your use of Intel Corporation's design tools, logic functions 
and other software and tools, and any partner logic 
functions, and any output files from any of the foregoing 
(including device programming or simulation files), and any 
associated documentation or information are expressly subject 
to the terms and conditions of the Intel Program License 
Subscription Agreement, the Intel Quartus Prime License Agreement,
the Intel FPGA IP License Agreement, or other applicable license
agreement, including, without limitation, that your use is for
the sole purpose of programming logic devices manufactured by
Intel and sold by Intel or its authorized distributors.  Please
refer to the applicable agreement for further details, at
https://fpgasoftware.intel.com/eula.



+---------------------------------------------------------------+
; Assembler Summary                                             ;
+-----------------------+---------------------------------------+
; Assembler Status      ; Successful - Tue Apr 07 05:59:23 2026 ;
; Revision Name         ; EdgeDetector                          ;
; Top-level Entity Name ; EdgeDetector                          ;
; Family                ; Cyclone V                             ;
; Device                ; 5CSEMA5F31C6                          ;
+-----------------------+---------------------------------------+


+----------------------------------+
; Assembler Settings               ;
+--------+---------+---------------+
; Option ; Setting ; Default Value ;
+--------+---------+---------------+


+--------------------------------------------------------------------------------------------+
; Assembler Generated Files                                                                  ;
+--------------------------------------------------------------------------------------------+
; File Name                                                                                  ;
+--------------------------------------------------------------------------------------------+
; C:/Users/5811m/Documents/SeniorD/LABS/edgeDetector/synthesis/output_files/EdgeDetector.sof ;
+--------------------------------------------------------------------------------------------+


+----------------------------------------------------------------------------------------------------------------------+
; Assembler Device Options: C:/Users/5811m/Documents/SeniorD/LABS/edgeDetector/synthesis/output_files/EdgeDetector.sof ;
+----------------+-----------------------------------------------------------------------------------------------------+
; Option         ; Setting                                                                                             ;
+----------------+-----------------------------------------------------------------------------------------------------+
; JTAG usercode  ; 0x0127492C                                                                                          ;
; Checksum       ; 0x0127492C                                                                                          ;
+----------------+-----------------------------------------------------------------------------------------------------+


+--------------------+
; Assembler Messages ;
+--------------------+
Info: *******************************************************************
Info: Running Quartus Prime Assembler
    Info: Version 20.1.0 Build 711 06/05/2020 SJ Standard Edition
    Info: Processing started: Tue Apr 07 05:59:18 2026
Info: Command: quartus_asm --read_settings_files=off --write_settings_files=off EdgeDetector -c EdgeDetector
Warning (125092): Tcl Script File V/vga_pll/vga_pll_0002.qip not found
    Info (125063): set_global_assignment -name QIP_FILE V/vga_pll/vga_pll_0002.qip
Info (115030): Assembler is generating device programming files
Info: Quartus Prime Assembler was successful. 0 errors, 1 warning
    Info: Peak virtual memory: 4881 megabytes
    Info: Processing ended: Tue Apr 07 05:59:23 2026
    Info: Elapsed time: 00:00:05
    Info: Total CPU time (on all processors): 00:00:04


